<?xml version="1.0" encoding="UTF-8"?>
<testng-results ignored="0" total="3" passed="3" failed="0" skipped="0">
  <reporter-output>
  </reporter-output>
  <suite started-at="2023-05-11T14:48:39 IST" name="manipal testng suite" finished-at="2023-05-11T14:49:00 IST" duration-ms="21303">
    <groups>
    </groups>
    <test started-at="2023-05-11T14:48:39 IST" name="Chrome Test" finished-at="2023-05-11T14:48:47 IST" duration-ms="7886">
      <class name="org.example.OrangeLogin">
        <test-method is-config="true" signature="setDriver()[pri:0, instance:org.example.OrangeLogin@5bd03f44]" started-at="2023-05-11T14:48:39 IST" name="setDriver" finished-at="2023-05-11T14:48:46 IST" duration-ms="7138" status="PASS">
          <reporter-output>
          </reporter-output>
        </test-method> <!-- setDriver -->
        <test-method signature="login()[pri:0, instance:org.example.OrangeLogin@5bd03f44]" started-at="2023-05-11T14:48:46 IST" name="login" finished-at="2023-05-11T14:48:47 IST" duration-ms="346" status="PASS">
          <reporter-output>
          </reporter-output>
        </test-method> <!-- login -->
        <test-method is-config="true" signature="closeBrowser()[pri:0, instance:org.example.OrangeLogin@5bd03f44]" started-at="2023-05-11T14:48:47 IST" name="closeBrowser" finished-at="2023-05-11T14:48:47 IST" duration-ms="238" status="PASS">
          <reporter-output>
          </reporter-output>
        </test-method> <!-- closeBrowser -->
      </class> <!-- org.example.OrangeLogin -->
    </test> <!-- Chrome Test -->
    <test started-at="2023-05-11T14:48:47 IST" name="Firefox Test" finished-at="2023-05-11T14:48:53 IST" duration-ms="6210">
      <class name="org.example.OrangeLogin">
        <test-method is-config="true" signature="setDriver()[pri:0, instance:org.example.OrangeLogin@479d31f3]" started-at="2023-05-11T14:48:47 IST" name="setDriver" finished-at="2023-05-11T14:48:53 IST" duration-ms="5548" status="PASS">
          <reporter-output>
          </reporter-output>
        </test-method> <!-- setDriver -->
        <test-method signature="login()[pri:0, instance:org.example.OrangeLogin@479d31f3]" started-at="2023-05-11T14:48:53 IST" name="login" finished-at="2023-05-11T14:48:53 IST" duration-ms="333" status="PASS">
          <reporter-output>
          </reporter-output>
        </test-method> <!-- login -->
        <test-method is-config="true" signature="closeBrowser()[pri:0, instance:org.example.OrangeLogin@479d31f3]" started-at="2023-05-11T14:48:53 IST" name="closeBrowser" finished-at="2023-05-11T14:48:53 IST" duration-ms="327" status="PASS">
          <reporter-output>
          </reporter-output>
        </test-method> <!-- closeBrowser -->
      </class> <!-- org.example.OrangeLogin -->
    </test> <!-- Firefox Test -->
    <test started-at="2023-05-11T14:48:53 IST" name="Edge Test" finished-at="2023-05-11T14:49:00 IST" duration-ms="7156">
      <class name="org.example.OrangeLogin">
        <test-method is-config="true" signature="setDriver()[pri:0, instance:org.example.OrangeLogin@6e171cd7]" started-at="2023-05-11T14:48:53 IST" name="setDriver" finished-at="2023-05-11T14:48:58 IST" duration-ms="5253" status="PASS">
          <reporter-output>
          </reporter-output>
        </test-method> <!-- setDriver -->
        <test-method signature="login()[pri:0, instance:org.example.OrangeLogin@6e171cd7]" started-at="2023-05-11T14:48:58 IST" name="login" finished-at="2023-05-11T14:49:00 IST" duration-ms="1636" status="PASS">
          <reporter-output>
          </reporter-output>
        </test-method> <!-- login -->
        <test-method is-config="true" signature="closeBrowser()[pri:0, instance:org.example.OrangeLogin@6e171cd7]" started-at="2023-05-11T14:49:00 IST" name="closeBrowser" finished-at="2023-05-11T14:49:00 IST" duration-ms="266" status="PASS">
          <reporter-output>
          </reporter-output>
        </test-method> <!-- closeBrowser -->
      </class> <!-- org.example.OrangeLogin -->
    </test> <!-- Edge Test -->
  </suite> <!-- manipal testng suite -->
</testng-results>
